0	0	not_hot_dog_274.jpg
1	0	not_hot_dog_112.jpg
2	1	hot_dog_374.jpg
3	1	hot_dog_409.jpg
4	0	not_hot_dog_94.jpg
5	0	not_hot_dog_478.jpg
6	0	not_hot_dog_17.jpg
7	0	not_hot_dog_268.jpg
8	0	not_hot_dog_263.jpg
9	1	hot_dog_31.jpg
10	0	not_hot_dog_440.jpg
11	0	not_hot_dog_365.jpg
12	0	not_hot_dog_470.jpg
13	1	hot_dog_142.jpg
14	1	hot_dog_58.jpg
15	1	hot_dog_436.jpg
16	1	hot_dog_151.jpg
17	0	not_hot_dog_360.jpg
18	0	not_hot_dog_405.jpg
19	0	not_hot_dog_311.jpg
20	1	hot_dog_57.jpg
21	0	not_hot_dog_379.jpg
22	1	hot_dog_485.jpg
23	1	hot_dog_272.jpg
24	0	not_hot_dog_181.jpg
25	1	hot_dog_254.jpg
26	1	hot_dog_397.jpg
27	1	hot_dog_292.jpg
28	1	hot_dog_23.jpg
29	1	hot_dog_469.jpg
30	1	hot_dog_240.jpg
31	1	hot_dog_238.jpg
32	0	not_hot_dog_356.jpg
33	0	not_hot_dog_247.jpg
34	0	not_hot_dog_370.jpg
35	1	hot_dog_33.jpg
36	1	hot_dog_119.jpg
37	1	hot_dog_126.jpg
38	1	hot_dog_305.jpg
39	0	not_hot_dog_229.jpg
40	0	not_hot_dog_369.jpg
41	0	not_hot_dog_141.jpg
42	1	hot_dog_432.jpg
43	0	not_hot_dog_464.jpg
44	1	hot_dog_105.jpg
45	1	hot_dog_355.jpg
46	1	hot_dog_425.jpg
47	0	not_hot_dog_295.jpg
48	1	hot_dog_164.jpg
49	0	not_hot_dog_271.jpg
50	1	hot_dog_135.jpg
51	1	hot_dog_446.jpg
52	1	hot_dog_488.jpg
53	1	hot_dog_289.jpg
54	0	not_hot_dog_0.jpg
55	0	not_hot_dog_125.jpg
56	1	hot_dog_335.jpg
57	1	hot_dog_273.jpg
58	1	hot_dog_148.jpg
59	1	hot_dog_281.jpg
60	1	hot_dog_197.jpg
61	0	not_hot_dog_98.jpg
62	1	hot_dog_276.jpg
63	1	hot_dog_91.jpg
64	0	not_hot_dog_280.jpg
65	1	hot_dog_17.jpg
66	0	not_hot_dog_305.jpg
67	1	hot_dog_396.jpg
68	0	not_hot_dog_105.jpg
69	0	not_hot_dog_338.jpg
70	0	not_hot_dog_123.jpg
71	1	hot_dog_123.jpg
72	1	hot_dog_377.jpg
73	1	hot_dog_312.jpg
74	0	not_hot_dog_444.jpg
75	0	not_hot_dog_235.jpg
76	1	hot_dog_378.jpg
77	1	hot_dog_262.jpg
78	0	not_hot_dog_186.jpg
79	1	hot_dog_2.jpg
80	0	not_hot_dog_334.jpg
81	1	hot_dog_179.jpg
82	0	not_hot_dog_1.jpg
83	1	hot_dog_163.jpg
84	1	hot_dog_279.jpg
85	0	not_hot_dog_347.jpg
86	0	not_hot_dog_165.jpg
87	1	hot_dog_413.jpg
88	1	hot_dog_143.jpg
89	1	hot_dog_124.jpg
90	0	not_hot_dog_176.jpg
91	0	not_hot_dog_198.jpg
92	1	hot_dog_334.jpg
93	0	not_hot_dog_432.jpg
94	0	not_hot_dog_414.jpg
95	0	not_hot_dog_309.jpg
96	1	hot_dog_213.jpg
97	1	hot_dog_159.jpg
98	0	not_hot_dog_135.jpg
99	1	hot_dog_10.jpg
100	1	hot_dog_40.jpg
101	1	hot_dog_184.jpg
102	1	hot_dog_186.jpg
103	1	hot_dog_61.jpg
104	1	hot_dog_450.jpg
105	0	not_hot_dog_78.jpg
106	0	not_hot_dog_326.jpg
107	0	not_hot_dog_429.jpg
108	0	not_hot_dog_248.jpg
109	1	hot_dog_45.jpg
110	0	not_hot_dog_441.jpg
111	0	not_hot_dog_315.jpg
112	0	not_hot_dog_329.jpg
113	0	not_hot_dog_475.jpg
114	0	not_hot_dog_213.jpg
115	0	not_hot_dog_91.jpg
116	1	hot_dog_204.jpg
117	0	not_hot_dog_215.jpg
118	1	hot_dog_493.jpg
119	1	hot_dog_77.jpg
120	0	not_hot_dog_372.jpg
121	0	not_hot_dog_251.jpg
122	0	not_hot_dog_419.jpg
123	0	not_hot_dog_486.jpg
124	0	not_hot_dog_267.jpg
125	1	hot_dog_486.jpg
126	0	not_hot_dog_56.jpg
127	1	hot_dog_261.jpg
128	0	not_hot_dog_337.jpg
129	0	not_hot_dog_20.jpg
130	1	hot_dog_49.jpg
131	1	hot_dog_201.jpg
132	0	not_hot_dog_11.jpg
133	1	hot_dog_81.jpg
134	1	hot_dog_423.jpg
135	0	not_hot_dog_120.jpg
136	0	not_hot_dog_241.jpg
137	0	not_hot_dog_187.jpg
138	1	hot_dog_491.jpg
139	1	hot_dog_471.jpg
140	1	hot_dog_416.jpg
141	1	hot_dog_250.jpg
142	0	not_hot_dog_154.jpg
143	0	not_hot_dog_439.jpg
144	1	hot_dog_353.jpg
145	0	not_hot_dog_412.jpg
146	1	hot_dog_403.jpg
147	0	not_hot_dog_95.jpg
148	1	hot_dog_245.jpg
149	0	not_hot_dog_296.jpg
150	0	not_hot_dog_318.jpg
151	0	not_hot_dog_482.jpg
152	0	not_hot_dog_306.jpg
153	1	hot_dog_185.jpg
154	1	hot_dog_103.jpg
155	1	hot_dog_216.jpg
156	1	hot_dog_323.jpg
157	1	hot_dog_354.jpg
158	0	not_hot_dog_19.jpg
159	1	hot_dog_218.jpg
160	0	not_hot_dog_182.jpg
161	0	not_hot_dog_258.jpg
162	0	not_hot_dog_44.jpg
163	0	not_hot_dog_30.jpg
164	0	not_hot_dog_180.jpg
165	1	hot_dog_127.jpg
166	0	not_hot_dog_307.jpg
167	0	not_hot_dog_37.jpg
168	1	hot_dog_191.jpg
169	1	hot_dog_96.jpg
170	0	not_hot_dog_111.jpg
171	0	not_hot_dog_384.jpg
172	0	not_hot_dog_89.jpg
173	0	not_hot_dog_297.jpg
174	1	hot_dog_177.jpg
175	0	not_hot_dog_483.jpg
176	0	not_hot_dog_330.jpg
177	1	hot_dog_302.jpg
178	0	not_hot_dog_294.jpg
179	0	not_hot_dog_406.jpg
180	1	hot_dog_190.jpg
181	0	not_hot_dog_83.jpg
182	0	not_hot_dog_427.jpg
183	0	not_hot_dog_4.jpg
184	1	hot_dog_308.jpg
185	1	hot_dog_307.jpg
186	1	hot_dog_332.jpg
187	1	hot_dog_133.jpg
188	1	hot_dog_318.jpg
189	1	hot_dog_67.jpg
190	0	not_hot_dog_220.jpg
191	0	not_hot_dog_317.jpg
192	1	hot_dog_390.jpg
193	1	hot_dog_476.jpg
194	1	hot_dog_249.jpg
195	1	hot_dog_420.jpg
196	0	not_hot_dog_197.jpg
197	0	not_hot_dog_344.jpg
198	0	not_hot_dog_260.jpg
199	1	hot_dog_466.jpg
200	1	hot_dog_275.jpg
201	1	hot_dog_393.jpg
202	1	hot_dog_132.jpg
203	0	not_hot_dog_415.jpg
204	0	not_hot_dog_130.jpg
205	1	hot_dog_495.jpg
206	1	hot_dog_205.jpg
207	1	hot_dog_146.jpg
208	0	not_hot_dog_109.jpg
209	0	not_hot_dog_88.jpg
210	0	not_hot_dog_438.jpg
211	0	not_hot_dog_366.jpg
212	1	hot_dog_357.jpg
213	1	hot_dog_492.jpg
214	1	hot_dog_487.jpg
215	1	hot_dog_212.jpg
216	1	hot_dog_239.jpg
217	0	not_hot_dog_86.jpg
218	1	hot_dog_114.jpg
219	1	hot_dog_125.jpg
220	1	hot_dog_434.jpg
221	0	not_hot_dog_68.jpg
222	0	not_hot_dog_253.jpg
223	1	hot_dog_247.jpg
224	0	not_hot_dog_270.jpg
225	0	not_hot_dog_24.jpg
226	0	not_hot_dog_55.jpg
227	1	hot_dog_294.jpg
228	1	hot_dog_479.jpg
229	1	hot_dog_64.jpg
230	1	hot_dog_89.jpg
231	1	hot_dog_304.jpg
232	1	hot_dog_445.jpg
233	1	hot_dog_62.jpg
234	1	hot_dog_348.jpg
235	0	not_hot_dog_206.jpg
236	0	not_hot_dog_36.jpg
237	0	not_hot_dog_286.jpg
238	1	hot_dog_455.jpg
239	1	hot_dog_320.jpg
240	0	not_hot_dog_289.jpg
241	0	not_hot_dog_242.jpg
242	0	not_hot_dog_466.jpg
243	0	not_hot_dog_243.jpg
244	0	not_hot_dog_67.jpg
245	0	not_hot_dog_121.jpg
246	1	hot_dog_158.jpg
247	1	hot_dog_120.jpg
248	1	hot_dog_313.jpg
249	0	not_hot_dog_151.jpg
250	1	hot_dog_326.jpg
251	1	hot_dog_137.jpg
252	0	not_hot_dog_201.jpg
253	0	not_hot_dog_132.jpg
254	0	not_hot_dog_341.jpg
255	0	not_hot_dog_252.jpg
256	0	not_hot_dog_127.jpg
257	0	not_hot_dog_207.jpg
258	0	not_hot_dog_278.jpg
259	0	not_hot_dog_170.jpg
260	0	not_hot_dog_230.jpg
261	0	not_hot_dog_467.jpg
262	0	not_hot_dog_261.jpg
263	1	hot_dog_178.jpg
264	0	not_hot_dog_417.jpg
265	0	not_hot_dog_147.jpg
266	1	hot_dog_46.jpg
267	1	hot_dog_364.jpg
268	1	hot_dog_264.jpg
269	1	hot_dog_438.jpg
270	0	not_hot_dog_101.jpg
271	0	not_hot_dog_217.jpg
272	1	hot_dog_407.jpg
273	0	not_hot_dog_255.jpg
274	0	not_hot_dog_113.jpg
275	1	hot_dog_441.jpg
276	0	not_hot_dog_331.jpg
277	1	hot_dog_115.jpg
278	1	hot_dog_221.jpg
279	1	hot_dog_149.jpg
280	0	not_hot_dog_183.jpg
281	0	not_hot_dog_407.jpg
282	0	not_hot_dog_265.jpg
283	1	hot_dog_280.jpg
284	0	not_hot_dog_287.jpg
285	1	hot_dog_162.jpg
286	1	hot_dog_311.jpg
287	0	not_hot_dog_126.jpg
288	1	hot_dog_122.jpg
289	1	hot_dog_175.jpg
290	1	hot_dog_160.jpg
291	0	not_hot_dog_136.jpg
292	1	hot_dog_370.jpg
293	0	not_hot_dog_397.jpg
294	0	not_hot_dog_339.jpg
295	0	not_hot_dog_155.jpg
296	1	hot_dog_44.jpg
297	0	not_hot_dog_137.jpg
298	0	not_hot_dog_345.jpg
299	0	not_hot_dog_273.jpg
300	1	hot_dog_349.jpg
301	0	not_hot_dog_168.jpg
302	0	not_hot_dog_422.jpg
303	0	not_hot_dog_92.jpg
304	1	hot_dog_470.jpg
305	0	not_hot_dog_195.jpg
306	0	not_hot_dog_420.jpg
307	0	not_hot_dog_256.jpg
308	0	not_hot_dog_209.jpg
309	0	not_hot_dog_336.jpg
310	0	not_hot_dog_354.jpg
311	0	not_hot_dog_362.jpg
312	1	hot_dog_37.jpg
313	1	hot_dog_208.jpg
314	1	hot_dog_36.jpg
315	0	not_hot_dog_480.jpg
316	1	hot_dog_340.jpg
317	1	hot_dog_230.jpg
318	0	not_hot_dog_489.jpg
319	1	hot_dog_4.jpg
320	1	hot_dog_188.jpg
321	0	not_hot_dog_119.jpg
322	1	hot_dog_228.jpg
323	0	not_hot_dog_433.jpg
324	1	hot_dog_176.jpg
325	1	hot_dog_243.jpg
326	1	hot_dog_404.jpg
327	1	hot_dog_93.jpg
328	1	hot_dog_18.jpg
329	1	hot_dog_283.jpg
330	1	hot_dog_288.jpg
331	0	not_hot_dog_184.jpg
332	0	not_hot_dog_3.jpg
333	1	hot_dog_461.jpg
334	0	not_hot_dog_142.jpg
335	1	hot_dog_435.jpg
336	1	hot_dog_237.jpg
337	0	not_hot_dog_205.jpg
338	1	hot_dog_25.jpg
339	1	hot_dog_241.jpg
340	0	not_hot_dog_218.jpg
341	0	not_hot_dog_6.jpg
342	0	not_hot_dog_333.jpg
343	1	hot_dog_224.jpg
344	1	hot_dog_112.jpg
345	1	hot_dog_232.jpg
346	1	hot_dog_236.jpg
347	1	hot_dog_260.jpg
348	1	hot_dog_24.jpg
349	1	hot_dog_187.jpg
350	1	hot_dog_384.jpg
351	0	not_hot_dog_216.jpg
352	0	not_hot_dog_161.jpg
353	0	not_hot_dog_51.jpg
354	0	not_hot_dog_219.jpg
355	0	not_hot_dog_153.jpg
356	1	hot_dog_321.jpg
357	0	not_hot_dog_104.jpg
358	1	hot_dog_219.jpg
359	0	not_hot_dog_266.jpg
360	0	not_hot_dog_316.jpg
361	0	not_hot_dog_424.jpg
362	1	hot_dog_200.jpg
363	1	hot_dog_369.jpg
364	0	not_hot_dog_262.jpg
365	0	not_hot_dog_32.jpg
366	0	not_hot_dog_246.jpg
367	1	hot_dog_389.jpg
368	0	not_hot_dog_7.jpg
369	0	not_hot_dog_240.jpg
370	1	hot_dog_34.jpg
371	1	hot_dog_319.jpg
372	0	not_hot_dog_148.jpg
373	0	not_hot_dog_16.jpg
374	1	hot_dog_270.jpg
375	1	hot_dog_290.jpg
376	1	hot_dog_63.jpg
377	0	not_hot_dog_172.jpg
378	0	not_hot_dog_301.jpg
379	0	not_hot_dog_39.jpg
380	1	hot_dog_345.jpg
381	1	hot_dog_189.jpg
382	1	hot_dog_271.jpg
383	1	hot_dog_101.jpg
384	1	hot_dog_269.jpg
385	0	not_hot_dog_388.jpg
386	0	not_hot_dog_203.jpg
387	1	hot_dog_6.jpg
388	0	not_hot_dog_279.jpg
389	1	hot_dog_168.jpg
390	1	hot_dog_453.jpg
391	1	hot_dog_198.jpg
392	0	not_hot_dog_162.jpg
393	0	not_hot_dog_495.jpg
394	1	hot_dog_38.jpg
395	0	not_hot_dog_465.jpg
396	1	hot_dog_300.jpg
397	1	hot_dog_477.jpg
398	0	not_hot_dog_71.jpg
399	0	not_hot_dog_103.jpg
400	0	not_hot_dog_443.jpg
401	1	hot_dog_468.jpg
402	1	hot_dog_60.jpg
403	1	hot_dog_297.jpg
404	0	not_hot_dog_472.jpg
405	0	not_hot_dog_65.jpg
406	1	hot_dog_352.jpg
407	0	not_hot_dog_87.jpg
408	0	not_hot_dog_102.jpg
409	0	not_hot_dog_14.jpg
410	1	hot_dog_87.jpg
411	1	hot_dog_398.jpg
412	0	not_hot_dog_355.jpg
413	1	hot_dog_110.jpg
414	1	hot_dog_387.jpg
415	1	hot_dog_141.jpg
416	0	not_hot_dog_28.jpg
417	0	not_hot_dog_342.jpg
418	0	not_hot_dog_459.jpg
419	0	not_hot_dog_129.jpg
420	0	not_hot_dog_303.jpg
421	1	hot_dog_172.jpg
422	0	not_hot_dog_158.jpg
423	0	not_hot_dog_210.jpg
424	1	hot_dog_131.jpg
425	1	hot_dog_475.jpg
426	0	not_hot_dog_70.jpg
427	0	not_hot_dog_50.jpg
428	1	hot_dog_161.jpg
429	0	not_hot_dog_53.jpg
430	0	not_hot_dog_167.jpg
431	1	hot_dog_356.jpg
432	0	not_hot_dog_349.jpg
433	1	hot_dog_229.jpg
434	1	hot_dog_235.jpg
435	1	hot_dog_381.jpg
436	1	hot_dog_443.jpg
437	0	not_hot_dog_93.jpg
438	0	not_hot_dog_450.jpg
439	1	hot_dog_451.jpg
440	1	hot_dog_170.jpg
441	1	hot_dog_106.jpg
442	0	not_hot_dog_477.jpg
443	1	hot_dog_129.jpg
444	0	not_hot_dog_26.jpg
445	1	hot_dog_268.jpg
446	0	not_hot_dog_403.jpg
447	1	hot_dog_155.jpg
448	1	hot_dog_452.jpg
449	1	hot_dog_343.jpg
450	0	not_hot_dog_463.jpg
451	1	hot_dog_411.jpg
452	0	not_hot_dog_479.jpg
453	1	hot_dog_459.jpg
454	0	not_hot_dog_115.jpg
455	1	hot_dog_166.jpg
456	1	hot_dog_1.jpg
457	1	hot_dog_214.jpg
458	1	hot_dog_421.jpg
459	0	not_hot_dog_238.jpg
460	1	hot_dog_156.jpg
461	1	hot_dog_465.jpg
462	1	hot_dog_220.jpg
463	1	hot_dog_26.jpg
464	0	not_hot_dog_473.jpg
465	1	hot_dog_337.jpg
466	0	not_hot_dog_264.jpg
467	0	not_hot_dog_390.jpg
468	0	not_hot_dog_451.jpg
469	1	hot_dog_15.jpg
470	1	hot_dog_55.jpg
471	1	hot_dog_299.jpg
472	1	hot_dog_342.jpg
473	0	not_hot_dog_157.jpg
474	1	hot_dog_314.jpg
475	0	not_hot_dog_85.jpg
476	0	not_hot_dog_204.jpg
477	1	hot_dog_109.jpg
478	0	not_hot_dog_449.jpg
479	0	not_hot_dog_90.jpg
480	1	hot_dog_454.jpg
481	1	hot_dog_95.jpg
482	0	not_hot_dog_77.jpg
483	1	hot_dog_490.jpg
484	0	not_hot_dog_231.jpg
485	0	not_hot_dog_453.jpg
486	1	hot_dog_30.jpg
487	1	hot_dog_76.jpg
488	0	not_hot_dog_63.jpg
489	0	not_hot_dog_62.jpg
490	1	hot_dog_309.jpg
491	0	not_hot_dog_404.jpg
492	1	hot_dog_253.jpg
493	0	not_hot_dog_249.jpg
494	1	hot_dog_265.jpg
495	1	hot_dog_192.jpg
496	0	not_hot_dog_175.jpg
497	1	hot_dog_66.jpg
498	0	not_hot_dog_99.jpg
499	0	not_hot_dog_386.jpg
500	1	hot_dog_316.jpg
501	0	not_hot_dog_152.jpg
502	1	hot_dog_263.jpg
503	1	hot_dog_462.jpg
504	0	not_hot_dog_138.jpg
505	0	not_hot_dog_74.jpg
506	0	not_hot_dog_193.jpg
507	0	not_hot_dog_430.jpg
508	0	not_hot_dog_343.jpg
509	1	hot_dog_346.jpg
510	0	not_hot_dog_381.jpg
511	1	hot_dog_234.jpg
512	1	hot_dog_408.jpg
513	1	hot_dog_259.jpg
514	1	hot_dog_392.jpg
515	0	not_hot_dog_140.jpg
516	1	hot_dog_134.jpg
517	0	not_hot_dog_64.jpg
518	0	not_hot_dog_29.jpg
519	1	hot_dog_444.jpg
520	1	hot_dog_458.jpg
521	0	not_hot_dog_373.jpg
522	1	hot_dog_472.jpg
523	0	not_hot_dog_128.jpg
524	0	not_hot_dog_122.jpg
525	1	hot_dog_329.jpg
526	1	hot_dog_5.jpg
527	0	not_hot_dog_143.jpg
528	0	not_hot_dog_35.jpg
529	0	not_hot_dog_408.jpg
530	0	not_hot_dog_73.jpg
531	0	not_hot_dog_259.jpg
532	1	hot_dog_359.jpg
533	0	not_hot_dog_448.jpg
534	1	hot_dog_248.jpg
535	1	hot_dog_59.jpg
536	1	hot_dog_69.jpg
537	0	not_hot_dog_283.jpg
538	1	hot_dog_467.jpg
539	0	not_hot_dog_298.jpg
540	0	not_hot_dog_254.jpg
541	1	hot_dog_223.jpg
542	1	hot_dog_347.jpg
543	0	not_hot_dog_346.jpg
544	1	hot_dog_296.jpg
545	1	hot_dog_80.jpg
546	0	not_hot_dog_60.jpg
547	0	not_hot_dog_411.jpg
548	0	not_hot_dog_452.jpg
549	0	not_hot_dog_436.jpg
550	1	hot_dog_317.jpg
551	1	hot_dog_442.jpg
552	1	hot_dog_147.jpg
553	0	not_hot_dog_418.jpg
554	0	not_hot_dog_250.jpg
555	1	hot_dog_306.jpg
556	1	hot_dog_29.jpg
557	0	not_hot_dog_423.jpg
558	1	hot_dog_171.jpg
559	0	not_hot_dog_192.jpg
560	0	not_hot_dog_281.jpg
561	0	not_hot_dog_200.jpg
562	0	not_hot_dog_245.jpg
563	0	not_hot_dog_476.jpg
564	1	hot_dog_152.jpg
565	0	not_hot_dog_221.jpg
566	1	hot_dog_344.jpg
567	0	not_hot_dog_79.jpg
568	1	hot_dog_489.jpg
569	0	not_hot_dog_80.jpg
570	1	hot_dog_341.jpg
571	1	hot_dog_267.jpg
572	1	hot_dog_483.jpg
573	0	not_hot_dog_106.jpg
574	0	not_hot_dog_300.jpg
575	1	hot_dog_457.jpg
576	0	not_hot_dog_496.jpg
577	0	not_hot_dog_292.jpg
578	1	hot_dog_215.jpg
579	0	not_hot_dog_117.jpg
580	0	not_hot_dog_353.jpg
581	1	hot_dog_431.jpg
582	0	not_hot_dog_374.jpg
583	1	hot_dog_482.jpg
584	1	hot_dog_350.jpg
585	0	not_hot_dog_116.jpg
586	1	hot_dog_437.jpg
587	1	hot_dog_52.jpg
588	1	hot_dog_182.jpg
589	1	hot_dog_406.jpg
590	1	hot_dog_48.jpg
591	0	not_hot_dog_133.jpg
592	1	hot_dog_402.jpg
593	0	not_hot_dog_27.jpg
594	0	not_hot_dog_48.jpg
595	1	hot_dog_258.jpg
596	1	hot_dog_410.jpg
597	0	not_hot_dog_310.jpg
598	1	hot_dog_117.jpg
599	1	hot_dog_39.jpg
600	1	hot_dog_140.jpg
601	0	not_hot_dog_308.jpg
602	1	hot_dog_83.jpg
603	1	hot_dog_9.jpg
604	0	not_hot_dog_491.jpg
605	0	not_hot_dog_321.jpg
606	0	not_hot_dog_13.jpg
607	1	hot_dog_98.jpg
608	1	hot_dog_108.jpg
609	0	not_hot_dog_173.jpg
610	0	not_hot_dog_49.jpg
611	0	not_hot_dog_285.jpg
612	1	hot_dog_12.jpg
613	0	not_hot_dog_348.jpg
614	1	hot_dog_244.jpg
615	1	hot_dog_301.jpg
616	0	not_hot_dog_409.jpg
617	1	hot_dog_278.jpg
618	0	not_hot_dog_5.jpg
619	0	not_hot_dog_498.jpg
620	0	not_hot_dog_222.jpg
621	1	hot_dog_401.jpg
622	0	not_hot_dog_391.jpg
623	0	not_hot_dog_431.jpg
624	1	hot_dog_173.jpg
625	0	not_hot_dog_328.jpg
626	0	not_hot_dog_487.jpg
627	0	not_hot_dog_490.jpg
628	1	hot_dog_71.jpg
629	1	hot_dog_310.jpg
630	1	hot_dog_41.jpg
631	1	hot_dog_256.jpg
632	1	hot_dog_252.jpg
633	0	not_hot_dog_108.jpg
634	1	hot_dog_405.jpg
635	0	not_hot_dog_40.jpg
636	0	not_hot_dog_364.jpg
637	1	hot_dog_366.jpg
638	1	hot_dog_333.jpg
639	1	hot_dog_43.jpg
640	0	not_hot_dog_179.jpg
641	1	hot_dog_433.jpg
642	1	hot_dog_298.jpg
643	1	hot_dog_255.jpg
644	0	not_hot_dog_72.jpg
645	1	hot_dog_99.jpg
646	0	not_hot_dog_335.jpg
647	0	not_hot_dog_21.jpg
648	0	not_hot_dog_211.jpg
649	1	hot_dog_202.jpg
650	0	not_hot_dog_42.jpg
651	1	hot_dog_375.jpg
652	1	hot_dog_376.jpg
653	1	hot_dog_88.jpg
654	0	not_hot_dog_399.jpg
655	0	not_hot_dog_9.jpg
656	1	hot_dog_42.jpg
657	1	hot_dog_174.jpg
658	1	hot_dog_287.jpg
659	1	hot_dog_382.jpg
660	1	hot_dog_266.jpg
661	0	not_hot_dog_177.jpg
662	1	hot_dog_222.jpg
663	1	hot_dog_144.jpg
664	0	not_hot_dog_425.jpg
665	1	hot_dog_473.jpg
666	0	not_hot_dog_199.jpg
667	1	hot_dog_424.jpg
668	0	not_hot_dog_43.jpg
669	1	hot_dog_203.jpg
670	1	hot_dog_277.jpg
671	0	not_hot_dog_224.jpg
672	0	not_hot_dog_223.jpg
673	0	not_hot_dog_320.jpg
674	1	hot_dog_371.jpg
675	1	hot_dog_395.jpg
676	1	hot_dog_75.jpg
677	0	not_hot_dog_445.jpg
678	0	not_hot_dog_124.jpg
679	1	hot_dog_358.jpg
680	0	not_hot_dog_45.jpg
681	1	hot_dog_181.jpg
682	0	not_hot_dog_383.jpg
683	0	not_hot_dog_293.jpg
684	0	not_hot_dog_34.jpg
685	0	not_hot_dog_340.jpg
686	1	hot_dog_415.jpg
687	0	not_hot_dog_212.jpg
688	0	not_hot_dog_144.jpg
689	1	hot_dog_426.jpg
690	0	not_hot_dog_455.jpg
691	1	hot_dog_78.jpg
692	1	hot_dog_448.jpg
693	1	hot_dog_100.jpg
694	0	not_hot_dog_324.jpg
695	0	not_hot_dog_38.jpg
696	1	hot_dog_498.jpg
697	1	hot_dog_360.jpg
698	0	not_hot_dog_131.jpg
699	0	not_hot_dog_225.jpg
700	1	hot_dog_460.jpg
701	0	not_hot_dog_134.jpg
702	0	not_hot_dog_323.jpg
703	0	not_hot_dog_118.jpg
704	1	hot_dog_380.jpg
705	1	hot_dog_324.jpg
706	0	not_hot_dog_59.jpg
707	0	not_hot_dog_275.jpg
708	0	not_hot_dog_363.jpg
709	1	hot_dog_362.jpg
710	1	hot_dog_400.jpg
711	1	hot_dog_14.jpg
712	0	not_hot_dog_190.jpg
713	1	hot_dog_111.jpg
714	0	not_hot_dog_410.jpg
715	1	hot_dog_116.jpg
716	0	not_hot_dog_107.jpg
717	1	hot_dog_338.jpg
718	0	not_hot_dog_96.jpg
719	1	hot_dog_196.jpg
720	1	hot_dog_351.jpg
721	1	hot_dog_47.jpg
722	1	hot_dog_367.jpg
723	1	hot_dog_315.jpg
724	1	hot_dog_293.jpg
725	0	not_hot_dog_484.jpg
726	1	hot_dog_70.jpg
727	1	hot_dog_417.jpg
728	1	hot_dog_85.jpg
729	0	not_hot_dog_327.jpg
730	0	not_hot_dog_97.jpg
731	1	hot_dog_3.jpg
732	1	hot_dog_295.jpg
733	1	hot_dog_373.jpg
734	1	hot_dog_233.jpg
735	0	not_hot_dog_488.jpg
736	0	not_hot_dog_332.jpg
737	1	hot_dog_13.jpg
738	1	hot_dog_86.jpg
739	1	hot_dog_157.jpg
740	0	not_hot_dog_469.jpg
741	0	not_hot_dog_392.jpg
742	0	not_hot_dog_169.jpg
743	0	not_hot_dog_23.jpg
744	0	not_hot_dog_492.jpg
745	0	not_hot_dog_375.jpg
746	1	hot_dog_118.jpg
747	0	not_hot_dog_442.jpg
748	0	not_hot_dog_357.jpg
749	0	not_hot_dog_84.jpg
750	0	not_hot_dog_269.jpg
751	1	hot_dog_16.jpg
752	1	hot_dog_257.jpg
753	1	hot_dog_449.jpg
754	0	not_hot_dog_304.jpg
755	0	not_hot_dog_8.jpg
756	1	hot_dog_422.jpg
757	0	not_hot_dog_485.jpg
758	1	hot_dog_107.jpg
759	1	hot_dog_439.jpg
760	1	hot_dog_428.jpg
761	1	hot_dog_394.jpg
762	0	not_hot_dog_434.jpg
763	0	not_hot_dog_468.jpg
764	1	hot_dog_227.jpg
765	0	not_hot_dog_75.jpg
766	0	not_hot_dog_361.jpg
767	1	hot_dog_497.jpg
768	1	hot_dog_246.jpg
769	0	not_hot_dog_314.jpg
770	1	hot_dog_104.jpg
771	0	not_hot_dog_160.jpg
772	0	not_hot_dog_454.jpg
773	0	not_hot_dog_460.jpg
774	0	not_hot_dog_214.jpg
775	1	hot_dog_463.jpg
776	1	hot_dog_121.jpg
777	0	not_hot_dog_456.jpg
778	0	not_hot_dog_57.jpg
779	1	hot_dog_97.jpg
780	0	not_hot_dog_15.jpg
781	0	not_hot_dog_312.jpg
782	0	not_hot_dog_351.jpg
783	1	hot_dog_51.jpg
784	1	hot_dog_145.jpg
785	0	not_hot_dog_18.jpg
786	1	hot_dog_32.jpg
787	1	hot_dog_130.jpg
788	0	not_hot_dog_387.jpg
789	1	hot_dog_195.jpg
790	0	not_hot_dog_302.jpg
791	0	not_hot_dog_244.jpg
792	0	not_hot_dog_196.jpg
793	0	not_hot_dog_291.jpg
794	0	not_hot_dog_290.jpg
795	0	not_hot_dog_413.jpg
796	0	not_hot_dog_395.jpg
797	0	not_hot_dog_232.jpg
798	0	not_hot_dog_376.jpg
